<?xml version="1.0" encoding="UTF-8"?>
<!-- Generated by org.testng.reporters.JUnitXMLReporter -->
<testsuite ignored="0" hostname="DESKTOP-9357BSF" failures="0" tests="6" name="Default test" time="9.529" errors="0" timestamp="2023-11-27T15:41:48 IST">
  <testcase classname="api.test.DDTest" name="testPostUser" time="2.579"/>
  <testcase classname="api.test.DDTest" name="testPostUser" time="1.092"/>
  <testcase classname="api.test.DDTest" name="testPostUser" time="1.197"/>
  <testcase classname="api.test.DDTest" name="testDeleteUserByName" time="1.155"/>
  <testcase classname="api.test.DDTest" name="testDeleteUserByName" time="1.151"/>
  <testcase classname="api.test.DDTest" name="testDeleteUserByName" time="1.203"/>
</testsuite> <!-- Default test -->
