<?xml version="1.0" encoding="UTF-8"?>
<testng-results ignored="0" total="4" passed="4" failed="0" skipped="0">
  <reporter-output>
  </reporter-output>
  <suite started-at="2023-12-01T16:42:25 IST" name="PetSuite" finished-at="2023-12-01T16:42:34 IST" duration-ms="9669">
    <groups>
    </groups>
    <test started-at="2023-12-01T16:42:25 IST" name="PetTests" finished-at="2023-12-01T16:42:34 IST" duration-ms="9669">
      <class name="api.test.UserTests2">
        <test-method is-config="true" signature="setuoData()[pri:0, instance:api.test.UserTests2@62150f9e]" started-at="2023-12-01T16:42:25 IST" name="setuoData" finished-at="2023-12-01T16:42:25 IST" duration-ms="536" status="PASS">
          <reporter-output>
          </reporter-output>
        </test-method> <!-- setuoData -->
        <test-method signature="testPostUser()[pri:1, instance:api.test.UserTests2@62150f9e]" started-at="2023-12-01T16:42:25 IST" name="testPostUser" finished-at="2023-12-01T16:42:28 IST" duration-ms="2680" status="PASS">
          <reporter-output>
          </reporter-output>
        </test-method> <!-- testPostUser -->
        <test-method signature="testgetUserByName()[pri:2, instance:api.test.UserTests2@62150f9e]" started-at="2023-12-01T16:42:28 IST" name="testgetUserByName" finished-at="2023-12-01T16:42:29 IST" duration-ms="1297" status="PASS">
          <reporter-output>
          </reporter-output>
        </test-method> <!-- testgetUserByName -->
        <test-method signature="testUpdateUseByName()[pri:3, instance:api.test.UserTests2@62150f9e]" started-at="2023-12-01T16:42:29 IST" name="testUpdateUseByName" finished-at="2023-12-01T16:42:33 IST" duration-ms="3645" status="PASS">
          <reporter-output>
          </reporter-output>
        </test-method> <!-- testUpdateUseByName -->
        <test-method signature="testDeleteUserByName()[pri:4, instance:api.test.UserTests2@62150f9e]" started-at="2023-12-01T16:42:33 IST" name="testDeleteUserByName" finished-at="2023-12-01T16:42:34 IST" duration-ms="1313" status="PASS">
          <reporter-output>
          </reporter-output>
        </test-method> <!-- testDeleteUserByName -->
      </class> <!-- api.test.UserTests2 -->
    </test> <!-- PetTests -->
  </suite> <!-- PetSuite -->
</testng-results>
