<?xml version="1.0" encoding="UTF-8"?>
<testng-results ignored="0" total="4" passed="4" failed="0" skipped="0">
  <reporter-output>
  </reporter-output>
  <suite started-at="2023-12-01T15:29:39 IST" name="PetSuite" finished-at="2023-12-01T15:29:47 IST" duration-ms="8530">
    <groups>
    </groups>
    <test started-at="2023-12-01T15:29:39 IST" name="PetTests" finished-at="2023-12-01T15:29:47 IST" duration-ms="8530">
      <class name="api.test.UserTests2">
        <test-method is-config="true" signature="setuoData()[pri:0, instance:api.test.UserTests2@2cf3d63b]" started-at="2023-12-01T15:29:39 IST" name="setuoData" finished-at="2023-12-01T15:29:40 IST" duration-ms="874" status="PASS">
          <reporter-output>
          </reporter-output>
        </test-method> <!-- setuoData -->
        <test-method signature="testPostUser()[pri:1, instance:api.test.UserTests2@2cf3d63b]" started-at="2023-12-01T15:29:40 IST" name="testPostUser" finished-at="2023-12-01T15:29:43 IST" duration-ms="2779" status="PASS">
          <reporter-output>
          </reporter-output>
        </test-method> <!-- testPostUser -->
        <test-method signature="testgetUserByName()[pri:2, instance:api.test.UserTests2@2cf3d63b]" started-at="2023-12-01T15:29:43 IST" name="testgetUserByName" finished-at="2023-12-01T15:29:44 IST" duration-ms="1190" status="PASS">
          <reporter-output>
          </reporter-output>
        </test-method> <!-- testgetUserByName -->
        <test-method signature="testUpdateUseByName()[pri:3, instance:api.test.UserTests2@2cf3d63b]" started-at="2023-12-01T15:29:44 IST" name="testUpdateUseByName" finished-at="2023-12-01T15:29:46 IST" duration-ms="2268" status="PASS">
          <reporter-output>
          </reporter-output>
        </test-method> <!-- testUpdateUseByName -->
        <test-method signature="testDeleteUserByName()[pri:4, instance:api.test.UserTests2@2cf3d63b]" started-at="2023-12-01T15:29:46 IST" name="testDeleteUserByName" finished-at="2023-12-01T15:29:47 IST" duration-ms="1084" status="PASS">
          <reporter-output>
          </reporter-output>
        </test-method> <!-- testDeleteUserByName -->
      </class> <!-- api.test.UserTests2 -->
    </test> <!-- PetTests -->
  </suite> <!-- PetSuite -->
</testng-results>
