<?xml version="1.0" encoding="UTF-8"?>
<!-- Generated by org.testng.reporters.JUnitXMLReporter -->
<testsuite ignored="0" hostname="DESKTOP-9357BSF" failures="0" tests="4" name="PetTests" time="9.669" errors="0" timestamp="2023-12-01T16:42:35 IST">
  <testcase classname="api.test.UserTests2" name="testPostUser" time="2.68"/>
  <testcase classname="api.test.UserTests2" name="testgetUserByName" time="1.297"/>
  <testcase classname="api.test.UserTests2" name="testUpdateUseByName" time="3.645"/>
  <testcase classname="api.test.UserTests2" name="testDeleteUserByName" time="1.313"/>
</testsuite> <!-- PetTests -->
