<?xml version="1.0" encoding="UTF-8"?>
<!-- Generated by org.testng.reporters.JUnitXMLReporter -->
<testsuite ignored="0" hostname="DESKTOP-9357BSF" failures="0" tests="4" name="PetTests" time="8.53" errors="0" timestamp="2023-12-01T15:29:47 IST">
  <testcase classname="api.test.UserTests2" name="testPostUser" time="2.779"/>
  <testcase classname="api.test.UserTests2" name="testgetUserByName" time="1.19"/>
  <testcase classname="api.test.UserTests2" name="testUpdateUseByName" time="2.268"/>
  <testcase classname="api.test.UserTests2" name="testDeleteUserByName" time="1.084"/>
</testsuite> <!-- PetTests -->
