<?xml version="1.0" encoding="UTF-8"?>
<!-- Generated by org.testng.reporters.JUnitXMLReporter -->
<testsuite ignored="0" hostname="DESKTOP-9357BSF" failures="0" tests="4" name="PetTest" time="8.813" errors="0" timestamp="2023-11-28T10:48:51 IST">
  <testcase classname="api.test.UserTests" name="testPostUser" time="3.529"/>
  <testcase classname="api.test.UserTests" name="testgetUserByName" time="1.22"/>
  <testcase classname="api.test.UserTests" name="testUpdateUseByName" time="2.313"/>
  <testcase classname="api.test.UserTests" name="testDeleteUserByName" time="1.117"/>
</testsuite> <!-- PetTest -->
